0 info it worked if it ends with ok
1 verbose cli [ 'C:\\Program Files (x86)\\nodejs\\\\node.exe',
1 verbose cli   'C:\\Program Files (x86)\\nodejs\\node_modules\\npm\\bin\\npm-cli.js',
1 verbose cli   'install',
1 verbose cli   'grunt-contrib-interla' ]
2 info using npm@1.4.28
3 info using node@v0.10.36
4 verbose node symlink C:\Program Files (x86)\nodejs\\node.exe
5 warn package.json module@0.0.1 No README data
6 verbose readDependencies using package.json deps
7 verbose cache add [ 'grunt-contrib-interla', null ]
8 verbose cache add name=undefined spec="grunt-contrib-interla" args=["grunt-contrib-interla",null]
9 verbose parsed url { protocol: null,
9 verbose parsed url   slashes: null,
9 verbose parsed url   auth: null,
9 verbose parsed url   host: null,
9 verbose parsed url   port: null,
9 verbose parsed url   hostname: null,
9 verbose parsed url   hash: null,
9 verbose parsed url   search: null,
9 verbose parsed url   query: null,
9 verbose parsed url   pathname: 'grunt-contrib-interla',
9 verbose parsed url   path: 'grunt-contrib-interla',
9 verbose parsed url   href: 'grunt-contrib-interla' }
10 silly lockFile 4f0b731e-grunt-contrib-interla grunt-contrib-interla
11 verbose lock grunt-contrib-interla C:\Users\jordan.little\AppData\Roaming\npm-cache\4f0b731e-grunt-contrib-interla.lock
12 silly lockFile 4f0b731e-grunt-contrib-interla grunt-contrib-interla
13 silly lockFile 4f0b731e-grunt-contrib-interla grunt-contrib-interla
14 verbose addNamed [ 'grunt-contrib-interla', '' ]
15 verbose addNamed [ null, '*' ]
16 silly lockFile 91ff8373-grunt-contrib-interla grunt-contrib-interla@
17 verbose lock grunt-contrib-interla@ C:\Users\jordan.little\AppData\Roaming\npm-cache\91ff8373-grunt-contrib-interla.lock
18 silly addNameRange { name: 'grunt-contrib-interla', range: '*', hasData: false }
19 verbose request where is /grunt-contrib-interla
20 verbose request registry https://registry.npmjs.org/
21 verbose request id f93d65f4b62abe77
22 verbose url raw /grunt-contrib-interla
23 verbose url resolving [ 'https://registry.npmjs.org/', './grunt-contrib-interla' ]
24 verbose url resolved https://registry.npmjs.org/grunt-contrib-interla
25 verbose request where is https://registry.npmjs.org/grunt-contrib-interla
26 info trying registry request attempt 1 at 10:49:26
27 http GET https://registry.npmjs.org/grunt-contrib-interla
28 http 404 https://registry.npmjs.org/grunt-contrib-interla
29 verbose headers { date: 'Thu, 29 Jan 2015 16:49:26 GMT',
29 verbose headers   server: 'CouchDB/1.5.0 (Erlang OTP/R16B03)',
29 verbose headers   'content-type': 'application/json',
29 verbose headers   'cache-control': 'max-age=0',
29 verbose headers   'content-length': '52',
29 verbose headers   'accept-ranges': 'bytes',
29 verbose headers   via: '1.1 varnish',
29 verbose headers   age: '0',
29 verbose headers   'x-served-by': 'cache-ord1727-ORD',
29 verbose headers   'x-cache': 'MISS',
29 verbose headers   'x-cache-hits': '0',
29 verbose headers   'x-timer': 'S1422550166.541297,VS0,VE41',
29 verbose headers   'keep-alive': 'timeout=10, max=50',
29 verbose headers   connection: 'Keep-Alive' }
30 silly registry.get cb [ 404,
30 silly registry.get   { date: 'Thu, 29 Jan 2015 16:49:26 GMT',
30 silly registry.get     server: 'CouchDB/1.5.0 (Erlang OTP/R16B03)',
30 silly registry.get     'content-type': 'application/json',
30 silly registry.get     'cache-control': 'max-age=0',
30 silly registry.get     'content-length': '52',
30 silly registry.get     'accept-ranges': 'bytes',
30 silly registry.get     via: '1.1 varnish',
30 silly registry.get     age: '0',
30 silly registry.get     'x-served-by': 'cache-ord1727-ORD',
30 silly registry.get     'x-cache': 'MISS',
30 silly registry.get     'x-cache-hits': '0',
30 silly registry.get     'x-timer': 'S1422550166.541297,VS0,VE41',
30 silly registry.get     'keep-alive': 'timeout=10, max=50',
30 silly registry.get     connection: 'Keep-Alive' } ]
31 silly lockFile 91ff8373-grunt-contrib-interla grunt-contrib-interla@
32 silly lockFile 91ff8373-grunt-contrib-interla grunt-contrib-interla@
33 error 404 404 Not Found: grunt-contrib-interla
33 error 404
33 error 404 'grunt-contrib-interla' is not in the npm registry.
33 error 404 You should bug the author to publish it
33 error 404 It was specified as a dependency of 'Smoove'
33 error 404
33 error 404 Note that you can also install from a
33 error 404 tarball, folder, or http url, or git url.
34 error System Windows_NT 6.2.9200
35 error command "C:\\Program Files (x86)\\nodejs\\\\node.exe" "C:\\Program Files (x86)\\nodejs\\node_modules\\npm\\bin\\npm-cli.js" "install" "grunt-contrib-interla"
36 error cwd C:\Code Projects\smoove
37 error node -v v0.10.36
38 error npm -v 1.4.28
39 error code E404
40 verbose exit [ 1, true ]
